<?xml version="1.0" encoding="UTF-8"?>
<testsuite name="org.example.restaurant.CustomerOrderTest" tests="2" skipped="0" failures="0" errors="0" timestamp="2023-03-12T19:05:21" hostname="LT59143" time="1.554">
  <properties/>
  <testcase name="testServeVegetarianBreakfast()" classname="org.example.restaurant.CustomerOrderTest" time="1.527"/>
  <testcase name="testServeMeatDinner()" classname="org.example.restaurant.CustomerOrderTest" time="0.017"/>
  <system-out><![CDATA[]]></system-out>
  <system-err><![CDATA[]]></system-err>
</testsuite>
